Arguments: 
  /usr/bin/node /usr/share/yarn/bin/yarn.js install

PATH: 
  /home/seun/bin:/usr/local/sbin:/usr/local/bin:/usr/sbin:/usr/bin:/sbin:/bin:/usr/games:/usr/local/games:/snap/bin

Yarn version: 
  1.17.3

Node version: 
  10.15.1

Platform: 
  linux x64

Trace: 
  Error: getaddrinfo EAI_AGAIN registry.yarnpkg.com registry.yarnpkg.com:443
      at GetAddrInfoReqWrap.onlookup [as oncomplete] (dns.js:57:26)

npm manifest: 
  {
    "name": "base-apparel-coming-soon-master",
    "version": "1.0.0",
    "main": "index.js",
    "license": "MIT",
    "scripts": {
      "watch:sass": "node-sass sass/main.scss css/style.css -w",
      "devserver": "live-server",
      "start": "npm-run-all --parallel devserver watch:sass"
    },
    "dependencies": {
      "live-server": "^1.2.1",
      "npm-run-all": "^4.1.5"
    },
    "devDependencies": {
      "node-sass": "^4.12.0"
    }
  }

yarn manifest: 
  No manifest

Lockfile: 
  No lockfile
